<?xml version="1.0" encoding="UTF-8"?>
<!-- Generated by org.testng.reporters.JUnitReportReporter -->
<testsuite hostname="LAPTOP-MGURCJBL" failures="0" tests="1" name="com.nopcommerce.TestCase.Tc_LoginTest_001" time="10.113" errors="0" timestamp="2022-03-18T19:31:57 IST" skipped="0">
  <testcase classname="com.nopcommerce.TestCase.Tc_LoginTest_001" name="Login" time="10.113"/>
  <system-out/>
</testsuite> <!-- com.nopcommerce.TestCase.Tc_LoginTest_001 -->
